<?xml version="1.0" encoding="UTF-8"?>
<testsuite name="org.grails.cli.profile.commands.CommandRegistrySpec" tests="1" skipped="0" failures="0" errors="0" timestamp="2014-11-28T09:13:19" hostname="testing-worker-linux-11-2-31484-linux-11-42372784" time="0.008">
  <properties/>
  <testcase name="Test that the command registry returns commands" classname="org.grails.cli.profile.commands.CommandRegistrySpec" time="0.008"/>
  <system-out><![CDATA[]]></system-out>
  <system-err><![CDATA[]]></system-err>
</testsuite>
