<?xml version="1.0" encoding="UTF-8"?>
<testsuite name="org.grails.cli.profile.ProfileRepositorySpec" tests="2" skipped="0" failures="0" errors="0" timestamp="2014-11-28T09:09:50" hostname="testing-worker-linux-11-2-31484-linux-11-42372784" time="4.458">
  <properties/>
  <testcase name="should return profile" classname="org.grails.cli.profile.ProfileRepositorySpec" time="3.753"/>
  <testcase name="should return null if profile doesn't exist" classname="org.grails.cli.profile.ProfileRepositorySpec" time="0.703"/>
  <system-out><![CDATA[]]></system-out>
  <system-err><![CDATA[]]></system-err>
</testsuite>
