<?xml version="1.0" encoding="UTF-8"?>
<testsuite name="org.grails.cli.interactive.completers.RegexCompletorSpec" tests="6" skipped="0" failures="0" errors="0" timestamp="2014-11-28T09:09:49" hostname="testing-worker-linux-11-2-31484-linux-11-42372784" time="0.388">
  <properties/>
  <testcase name="String '!ls' is not matching" classname="org.grails.cli.interactive.completers.RegexCompletorSpec" time="0.367"/>
  <testcase name="String '!test_stuff' is not matching" classname="org.grails.cli.interactive.completers.RegexCompletorSpec" time="0.001"/>
  <testcase name="String '!ls ls' is incorrectly matching" classname="org.grails.cli.interactive.completers.RegexCompletorSpec" time="0.001"/>
  <testcase name="String '!' is incorrectly matching" classname="org.grails.cli.interactive.completers.RegexCompletorSpec" time="0.0"/>
  <testcase name="String 'test' is incorrectly matching" classname="org.grails.cli.interactive.completers.RegexCompletorSpec" time="0.001"/>
  <testcase name="String '' is incorrectly matching" classname="org.grails.cli.interactive.completers.RegexCompletorSpec" time="0.0"/>
  <system-out><![CDATA[]]></system-out>
  <system-err><![CDATA[]]></system-err>
</testsuite>
